{'info_url': 'http://www.aozora.gr.jp/cards/000088/card910.html\n', 'matching_html_pages': []}
{'info_url': 'http://www.aozora.gr.jp/cards/000028/card225.html\n', 'matching_html_pages': []}
{'info_url': 'http://www.aozora.gr.jp/cards/000144/card747.html\n', 'matching_html_pages': []}
{'info_url': 'http://www.aozora.gr.jp/cards/000062/card803.html\n', 'matching_html_pages': []}
{'info_url': 'http://www.aozora.gr.jp/cards/000198/card993.html\n', 'matching_html_pages': []}
{'info_url': 'http://www.aozora.gr.jp/cards/000097/card4828.html\n', 'matching_html_pages': []}
{'info_url': 'http://www.aozora.gr.jp/cards/000009/card535.html\n', 'matching_html_pages': []}
{'info_url': 'http://www.aozora.gr.jp/cards/000336/card2291.html\n', 'matching_html_pages': ['http://www.01.246.ne.jp/~tnoumi/noumi1/eng.html', 'http://www.01.246.ne.jp/~tnoumi/noumi1/eng.html']}
{'info_url': 'http://www.aozora.gr.jp/cards/000336/card2287.html\n', 'matching_html_pages': ['http://www.01.246.ne.jp/~tnoumi/noumi1/eng.html', 'http://www.01.246.ne.jp/~tnoumi/noumi1/eng.html']}
{'info_url': 'http://www.aozora.gr.jp/cards/000122/card645.html\n', 'matching_html_pages': []}
{'info_url': 'http://www.aozora.gr.jp/cards/000100/card4.html\n', 'matching_html_pages': []}
{'info_url': 'http://www.aozora.gr.jp/cards/000373/card2592.html\n', 'matching_html_pages': ['http://www.mars.dti.ne.jp/~gec/fairy/down.html', 'http://www.mars.dti.ne.jp/~gec/fairy/down.html']}
{'info_url': 'http://www.aozora.gr.jp/cards/000336/card2293.html\n', 'matching_html_pages': ['http://www.01.246.ne.jp/~tnoumi/noumi1/eng.html', 'http://www.01.246.ne.jp/~tnoumi/noumi1/eng.html']}
{'info_url': 'http://www.aozora.gr.jp/cards/000062/card381.html\n', 'matching_html_pages': []}
{'info_url': 'http://www.aozora.gr.jp/cards/000092/card543.html\n', 'matching_html_pages': []}
{'info_url': 'http://www.aozora.gr.jp/cards/000198/card995.html\n', 'matching_html_pages': []}
{'info_url': 'http://www.aozora.gr.jp/cards/000084/card699.html\n', 'matching_html_pages': []}
{'info_url': 'http://www.aozora.gr.jp/cards/000146/card750.html\n', 'matching_html_pages': []}
{'info_url': 'http://www.aozora.gr.jp/cards/000088/card347.html\n', 'matching_html_pages': []}
{'info_url': 'http://www.aozora.gr.jp/cards/000079/card846.html\n', 'matching_html_pages': []}
{'info_url': 'http://www.aozora.gr.jp/cards/000054/card829.html\n', 'matching_html_pages': []}
{'info_url': 'http://www.aozora.gr.jp/cards/000054/card887.html\n', 'matching_html_pages': []}
{'info_url': 'http://www.aozora.gr.jp/cards/000007/card399.html\n', 'matching_html_pages': []}
{'info_url': 'http://www.aozora.gr.jp/cards/000007/card356.html\n', 'matching_html_pages': []}
{'info_url': 'http://www.aozora.gr.jp/cards/000206/card320.html\n', 'matching_html_pages': []}
{'info_url': 'http://www.aozora.gr.jp/cards/000066/card394.html\n', 'matching_html_pages': []}
{'info_url': 'http://www.aozora.gr.jp/cards/000047/card355.html\n', 'matching_html_pages': []}
{'info_url': 'http://www.aozora.gr.jp/cards/000069/card400.html\n', 'matching_html_pages': []}
{'info_url': 'http://www.aozora.gr.jp/cards/000336/card2286.html\n', 'matching_html_pages': ['http://www.01.246.ne.jp/~tnoumi/noumi1/eng.html', 'http://www.01.246.ne.jp/~tnoumi/noumi1/eng.html']}
{'info_url': 'http://www.aozora.gr.jp/cards/000047/card612.html\n', 'matching_html_pages': []}
{'info_url': 'http://www.aozora.gr.jp/cards/000088/card734.html\n', 'matching_html_pages': []}
{'info_url': 'http://www.aozora.gr.jp/cards/000079/card819.html\n', 'matching_html_pages': []}
{'info_url': 'http://www.aozora.gr.jp/cards/000114/card608.html\n', 'matching_html_pages': []}
{'info_url': 'http://www.aozora.gr.jp/cards/000021/card196.html\n', 'matching_html_pages': []}
{'info_url': 'http://www.aozora.gr.jp/cards/000021/card222.html\n', 'matching_html_pages': []}
{'info_url': 'http://www.aozora.gr.jp/cards/000079/card451.html\n', 'matching_html_pages': []}
{'info_url': 'http://www.aozora.gr.jp/cards/000081/card457.html\n', 'matching_html_pages': ['http://why.kenji.ne.jp/haruto/sinla4.html', 'http://why.kenji.ne.jp/index1.html#H']}
{'info_url': 'http://www.aozora.gr.jp/cards/000021/card367.html\n', 'matching_html_pages': []}
{'info_url': 'http://www.aozora.gr.jp/cards/000210/card368.html\n', 'matching_html_pages': ['http://www.01.246.ne.jp/~tnoumi/noumi1/rus.html', 'http://www.01.246.ne.jp/~tnoumi/noumi1/rus.html']}
{'info_url': 'http://www.aozora.gr.jp/cards/000138/card735.html\n', 'matching_html_pages': []}
{'info_url': 'http://www.aozora.gr.jp/cards/000090/card518.html\n', 'matching_html_pages': ['http://www.kt.rim.or.jp/~shimirin/do92ji.html', 'http://www.kt.rim.or.jp/~shimirin/do93ji.html']}
{'info_url': 'http://www.aozora.gr.jp/cards/000035/card2276.html\n', 'matching_html_pages': []}
{'info_url': 'http://www.aozora.gr.jp/cards/000115/card609.html\n', 'matching_html_pages': []}
{'info_url': 'http://www.aozora.gr.jp/cards/000191/card968.html\n', 'matching_html_pages': []}
{'info_url': 'http://www.aozora.gr.jp/cards/000084/card370.html\n', 'matching_html_pages': []}
{'info_url': 'http://www.aozora.gr.jp/cards/000028/card800.html\n', 'matching_html_pages': []}
{'info_url': 'http://www.aozora.gr.jp/cards/000054/card898.html\n', 'matching_html_pages': []}
{'info_url': 'http://www.aozora.gr.jp/cards/000330/card900.html\n', 'matching_html_pages': []}
{'info_url': 'http://www.aozora.gr.jp/cards/000088/card516.html\n', 'matching_html_pages': []}
{'info_url': 'http://www.aozora.gr.jp/cards/000054/card364.html\n', 'matching_html_pages': []}
{'info_url': 'http://www.aozora.gr.jp/cards/000336/card2260.html\n', 'matching_html_pages': ['http://www.01.246.ne.jp/~tnoumi/noumi1/eng.html', 'http://www.01.246.ne.jp/~tnoumi/noumi1/eng.html']}
{'info_url': 'http://www.aozora.gr.jp/cards/000021/card231.html\n', 'matching_html_pages': []}
{'info_url': 'http://www.aozora.gr.jp/cards/000223/card520.html\n', 'matching_html_pages': ['http://www.01.246.ne.jp/~tnoumi/noumi1/eng.html', 'http://www.01.246.ne.jp/~tnoumi/noumi1/eng.html', 'http://www.01.246.ne.jp/~tnoumi/noumi1/eng.html']}
{'info_url': 'http://www.aozora.gr.jp/cards/000193/card971.html\n', 'matching_html_pages': []}
{'info_url': 'http://www.aozora.gr.jp/cards/000133/card706.html\n', 'matching_html_pages': []}
{'info_url': 'http://www.aozora.gr.jp/cards/000180/card944.html\n', 'matching_html_pages': ['http://www.01.246.ne.jp/~tnoumi/noumi1/etc.html', 'http://www.01.246.ne.jp/~tnoumi/noumi1/etc.html', 'http://www.01.246.ne.jp/~tnoumi/noumi1/etc.html']}
{'info_url': 'http://www.aozora.gr.jp/cards/000088/card704.html\n', 'matching_html_pages': []}
{'info_url': 'http://www.aozora.gr.jp/cards/000110/card554.html\n', 'matching_html_pages': []}
{'info_url': 'http://www.aozora.gr.jp/cards/000885/card547.html\n', 'matching_html_pages': []}
{'info_url': 'http://www.aozora.gr.jp/cards/000885/card548.html\n', 'matching_html_pages': []}
{'info_url': 'http://www.aozora.gr.jp/cards/000336/card2258.html\n', 'matching_html_pages': ['http://www.01.246.ne.jp/~tnoumi/noumi1/eng.html', 'http://www.01.246.ne.jp/~tnoumi/noumi1/eng.html']}
{'info_url': 'http://www.aozora.gr.jp/cards/000054/card670.html\n', 'matching_html_pages': []}
{'info_url': 'http://www.aozora.gr.jp/cards/000167/card895.html\n', 'matching_html_pages': []}
{'info_url': 'http://www.aozora.gr.jp/cards/000167/card896.html\n', 'matching_html_pages': []}
{'info_url': 'http://www.aozora.gr.jp/cards/000084/card506.html\n', 'matching_html_pages': []}
{'info_url': 'http://www.aozora.gr.jp/cards/000115/card826.html\n', 'matching_html_pages': []}
{'info_url': 'http://www.aozora.gr.jp/cards/000021/card861.html\n', 'matching_html_pages': []}
{'info_url': 'http://www.aozora.gr.jp/cards/001528/card860.html\n', 'matching_html_pages': []}
{'info_url': 'http://www.aozora.gr.jp/cards/000117/card611.html\n', 'matching_html_pages': []}
{'info_url': 'http://www.aozora.gr.jp/cards/000336/card2290.html\n', 'matching_html_pages': ['http://www.01.246.ne.jp/~tnoumi/noumi1/eng.html', 'http://www.01.246.ne.jp/~tnoumi/noumi1/eng.html']}
{'info_url': 'http://www.aozora.gr.jp/cards/000336/card2268.html\n', 'matching_html_pages': ['http://www.01.246.ne.jp/~tnoumi/noumi1/eng.html', 'http://www.01.246.ne.jp/~tnoumi/noumi1/eng.html']}
{'info_url': 'http://www.aozora.gr.jp/cards/000125/card666.html\n', 'matching_html_pages': ['./files/666.html', './files/666_47253.html']}
{'info_url': 'http://www.aozora.gr.jp/cards/000028/card604.html\n', 'matching_html_pages': []}
{'info_url': 'http://www.aozora.gr.jp/cards/000215/card1068.html\n', 'matching_html_pages': []}
{'info_url': 'http://www.aozora.gr.jp/cards/001529/card409.html\n', 'matching_html_pages': []}
{'info_url': 'http://www.aozora.gr.jp/cards/000206/card702.html\n', 'matching_html_pages': []}
{'info_url': 'http://www.aozora.gr.jp/cards/000021/card4307.html\n', 'matching_html_pages': []}
{'info_url': 'http://www.aozora.gr.jp/cards/000092/card524.html\n', 'matching_html_pages': []}
